00000100000001000000000000000000
00010100011001000000000000000010
00000100000000010000000000000000
00000011111000000000000000001000
00000100000001000000000000000001
00010100011001000000000000000010
00000100000000010000000000000001
00000011111000000000000000001000
00011000011001000000000000000001
10101111101000110000000000000000
00111000100000110000000000000000
10101111101111110000000000000100
00100011101111010000000000001000
00001100000000000000000000000000
00011011101111010000000000001000
10001111101111110000000000000100
00111000001000110000000000000000
10001111101001000000000000000000
00011000100001000000000000000010
10101111101000110000000000000100
00111000100000110000000000000000
10101111101111110000000000001100
00100011101111010000000000010000
00001100000000000000000000000000
00011011101111010000000000010000
10001111101111110000000000001100
00111000001000110000000000000000
10001111101001000000000000000100
00000000100000110000100000100000
00000011111000000000000000001000
00111100000000000000000000000000
00000100000000110000000000001010
10101111101111110000000000000100
00100011101111010000000000001000
00001100000000000000000000000000
00011011101111010000000000001000
10001111101111110000000000000100
00111000001000110000000000000000
10101111101111110000000000000100
00100011101111010000000000001000
00001000000000000000000000011110
00001100000000000000000000000000
00011011101111010000000000001000
10001111101111110000000000000100
00111000001000100000000000000000
00001000000000000000000000011110
