10001111100001000000000000000000
00000100000001010000000000000000
00010100011001010000000000000010
00000100000000010000000000000000
00000011111000000000000000001000
00011000011000110000000000000001
10101111101001000000000000000000
10101111101111110000000000000100
00100011101111010000000000001000
00001100000000000000000000000000
00011011101111010000000000001000
10001111101111110000000000000100
00111000001000110000000000000000
10001111101001000000000000000000
00000000100000110000100000100000
00000011111000000000000000001000
10001111100001000000000000000000
00000100000001010000000000000000
00010100011001010000000000000010
00000100000000010000000000000000
00000011111000000000000000001000
00011000011000110000000000000001
10101111101001000000000000000000
10101111101111110000000000000100
00100011101111010000000000001000
00001100000000000000000000010000
00011011101111010000000000001000
10001111101111110000000000000100
00111000001000110000000000000000
10001111101001000000000000000000
00000000100000110000100000100010
00000011111000000000000000001000
00111100000000000000000000000000
00000100000000110000000000001010
00111000010111000000000000000000
00100000010000100000000000001000
10101111100000110000000000000000
00000100000000110000000000010100
00111000010001000000000000000000
00100000010000100000000000001000
10101100100000110000000000000000
00000100000000110000000000000011
10101111101001000000000000000000
10101111101111110000000000000100
00100011101111010000000000001000
00001100000000000000000000000000
00011011101111010000000000001000
10001111101111110000000000000100
00111000001000110000000000000000
00000100000001000000000000000001
10101111101000110000000000000100
00111000100000110000000000000000
10101111101111110000000000001100
00100011101111010000000000010000
00001100000000000000000000010000
00011011101111010000000000010000
10001111101111110000000000001100
00111000001000110000000000000000
10001111101001000000000000000100
00000000100000110001100000100000
10101111101111110000000000001100
00100011101111010000000000010000
00001100000000000000000000000000
00011011101111010000000000010000
10001111101111110000000000001100
00111000001000100000000000000000
00001000000000000000000000100000
